[24-Jun-2024 14:26:23 UTC] PHP Deprecated:  Creation of dynamic property ACF::$fields is deprecated in /Applications/MAMP/htdocs/MEDIT/wp-content/plugins/advanced-custom-fields/includes/fields.php on line 138
[24-Jun-2024 14:26:23 UTC] PHP Deprecated:  Creation of dynamic property acf_loop::$loops is deprecated in /Applications/MAMP/htdocs/MEDIT/wp-content/plugins/advanced-custom-fields/includes/loop.php on line 28
[24-Jun-2024 14:26:23 UTC] PHP Deprecated:  Creation of dynamic property ACF::$loop is deprecated in /Applications/MAMP/htdocs/MEDIT/wp-content/plugins/advanced-custom-fields/includes/loop.php on line 269
[24-Jun-2024 14:26:23 UTC] PHP Deprecated:  Creation of dynamic property ACF::$revisions is deprecated in /Applications/MAMP/htdocs/MEDIT/wp-content/plugins/advanced-custom-fields/includes/revisions.php on line 387
[24-Jun-2024 14:26:23 UTC] PHP Deprecated:  Creation of dynamic property acf_validation::$errors is deprecated in /Applications/MAMP/htdocs/MEDIT/wp-content/plugins/advanced-custom-fields/includes/validation.php on line 28
[24-Jun-2024 14:26:23 UTC] PHP Deprecated:  Creation of dynamic property ACF::$validation is deprecated in /Applications/MAMP/htdocs/MEDIT/wp-content/plugins/advanced-custom-fields/includes/validation.php on line 215
[24-Jun-2024 14:26:23 UTC] PHP Deprecated:  Creation of dynamic property acf_form_customizer::$preview_values is deprecated in /Applications/MAMP/htdocs/MEDIT/wp-content/plugins/advanced-custom-fields/includes/forms/form-customizer.php on line 28
[24-Jun-2024 14:26:23 UTC] PHP Deprecated:  Creation of dynamic property acf_form_customizer::$preview_fields is deprecated in /Applications/MAMP/htdocs/MEDIT/wp-content/plugins/advanced-custom-fields/includes/forms/form-customizer.php on line 29
[24-Jun-2024 14:26:23 UTC] PHP Deprecated:  Creation of dynamic property acf_form_customizer::$preview_errors is deprecated in /Applications/MAMP/htdocs/MEDIT/wp-content/plugins/advanced-custom-fields/includes/forms/form-customizer.php on line 30
[24-Jun-2024 14:26:23 UTC] PHP Deprecated:  Creation of dynamic property ACF::$form_front is deprecated in /Applications/MAMP/htdocs/MEDIT/wp-content/plugins/advanced-custom-fields/includes/forms/form-front.php on line 600
[24-Jun-2024 14:26:23 UTC] PHP Deprecated:  Creation of dynamic property acf_form_widget::$preview_values is deprecated in /Applications/MAMP/htdocs/MEDIT/wp-content/plugins/advanced-custom-fields/includes/forms/form-widget.php on line 34
[24-Jun-2024 14:26:23 UTC] PHP Deprecated:  Creation of dynamic property acf_form_widget::$preview_reference is deprecated in /Applications/MAMP/htdocs/MEDIT/wp-content/plugins/advanced-custom-fields/includes/forms/form-widget.php on line 35
[24-Jun-2024 14:26:23 UTC] PHP Deprecated:  Creation of dynamic property acf_form_widget::$preview_errors is deprecated in /Applications/MAMP/htdocs/MEDIT/wp-content/plugins/advanced-custom-fields/includes/forms/form-widget.php on line 36
[24-Jun-2024 14:26:23 UTC] PHP Deprecated:  Using ${var} in strings is deprecated, use {$var} instead in /Applications/MAMP/htdocs/MEDIT/wp-content/plugins/contact-form-7/includes/mail.php on line 221
[24-Jun-2024 14:26:23 UTC] PHP Deprecated:  Using ${expr} (variable variables) in strings is deprecated, use {${expr}} instead in /Applications/MAMP/htdocs/MEDIT/wp-content/plugins/elementor/data/v2/manager.php on line 281
[24-Jun-2024 14:26:23 UTC] PHP Deprecated:  Creation of dynamic property Ocean_Elementor_Widgets::$plugin_url is deprecated in /Applications/MAMP/htdocs/MEDIT/wp-content/plugins/ocean-elementor-widgets/ocean-elementor-widgets.php on line 87
[24-Jun-2024 14:26:23 UTC] PHP Deprecated:  Creation of dynamic property Ocean_Elementor_Widgets::$plugin_path is deprecated in /Applications/MAMP/htdocs/MEDIT/wp-content/plugins/ocean-elementor-widgets/ocean-elementor-widgets.php on line 88
[24-Jun-2024 14:26:23 UTC] PHP Deprecated:  Creation of dynamic property Ocean_Extra::$plugin_url is deprecated in /Applications/MAMP/htdocs/MEDIT/wp-content/plugins/ocean-extra/ocean-extra.php on line 91
[24-Jun-2024 14:26:23 UTC] PHP Deprecated:  Creation of dynamic property Ocean_Extra::$plugin_path is deprecated in /Applications/MAMP/htdocs/MEDIT/wp-content/plugins/ocean-extra/ocean-extra.php on line 92
[24-Jun-2024 14:26:24 UTC] PHP Deprecated:  Creation of dynamic property Ocean_Social_Sharing::$plugin_url is deprecated in /Applications/MAMP/htdocs/MEDIT/wp-content/plugins/ocean-social-sharing/ocean-social-sharing.php on line 95
[24-Jun-2024 14:26:24 UTC] PHP Deprecated:  Creation of dynamic property Ocean_Social_Sharing::$plugin_path is deprecated in /Applications/MAMP/htdocs/MEDIT/wp-content/plugins/ocean-social-sharing/ocean-social-sharing.php on line 96
[24-Jun-2024 14:26:24 UTC] PHP Deprecated:  Using ${var} in strings is deprecated, use {$var} instead in /Applications/MAMP/htdocs/MEDIT/wp-content/plugins/elementor/core/editor/notice-bar.php on line 75
[24-Jun-2024 14:26:24 UTC] PHP Deprecated:  Using ${var} in strings is deprecated, use {$var} instead in /Applications/MAMP/htdocs/MEDIT/wp-content/plugins/elementor/core/editor/notice-bar.php on line 79
[24-Jun-2024 14:26:24 UTC] PHP Deprecated:  Creation of dynamic property acf_field_oembed::$width is deprecated in /Applications/MAMP/htdocs/MEDIT/wp-content/plugins/advanced-custom-fields/includes/fields/class-acf-field-oembed.php on line 31
[24-Jun-2024 14:26:24 UTC] PHP Deprecated:  Creation of dynamic property acf_field_oembed::$height is deprecated in /Applications/MAMP/htdocs/MEDIT/wp-content/plugins/advanced-custom-fields/includes/fields/class-acf-field-oembed.php on line 32
[24-Jun-2024 14:26:24 UTC] PHP Deprecated:  Creation of dynamic property acf_field_google_map::$default_values is deprecated in /Applications/MAMP/htdocs/MEDIT/wp-content/plugins/advanced-custom-fields/includes/fields/class-acf-field-google-map.php on line 33
[24-Jun-2024 14:26:24 UTC] PHP Deprecated:  Creation of dynamic property acf_field__group::$have_rows is deprecated in /Applications/MAMP/htdocs/MEDIT/wp-content/plugins/advanced-custom-fields/includes/fields/class-acf-field-group.php on line 31
[24-Jun-2024 14:26:24 UTC] PHP Deprecated:  Return type of Requests_Cookie_Jar::offsetExists($key) should either be compatible with ArrayAccess::offsetExists(mixed $offset): bool, or the #[\ReturnTypeWillChange] attribute should be used to temporarily suppress the notice in /Applications/MAMP/htdocs/MEDIT/wp-includes/Requests/Cookie/Jar.php on line 63
[24-Jun-2024 14:26:24 UTC] PHP Deprecated:  Return type of Requests_Cookie_Jar::offsetGet($key) should either be compatible with ArrayAccess::offsetGet(mixed $offset): mixed, or the #[\ReturnTypeWillChange] attribute should be used to temporarily suppress the notice in /Applications/MAMP/htdocs/MEDIT/wp-includes/Requests/Cookie/Jar.php on line 73
[24-Jun-2024 14:26:24 UTC] PHP Deprecated:  Return type of Requests_Cookie_Jar::offsetSet($key, $value) should either be compatible with ArrayAccess::offsetSet(mixed $offset, mixed $value): void, or the #[\ReturnTypeWillChange] attribute should be used to temporarily suppress the notice in /Applications/MAMP/htdocs/MEDIT/wp-includes/Requests/Cookie/Jar.php on line 89
[24-Jun-2024 14:26:24 UTC] PHP Deprecated:  Return type of Requests_Cookie_Jar::offsetUnset($key) should either be compatible with ArrayAccess::offsetUnset(mixed $offset): void, or the #[\ReturnTypeWillChange] attribute should be used to temporarily suppress the notice in /Applications/MAMP/htdocs/MEDIT/wp-includes/Requests/Cookie/Jar.php on line 102
[24-Jun-2024 14:26:24 UTC] PHP Deprecated:  Return type of Requests_Cookie_Jar::getIterator() should either be compatible with IteratorAggregate::getIterator(): Traversable, or the #[\ReturnTypeWillChange] attribute should be used to temporarily suppress the notice in /Applications/MAMP/htdocs/MEDIT/wp-includes/Requests/Cookie/Jar.php on line 111
[24-Jun-2024 14:26:24 UTC] PHP Deprecated:  Return type of Requests_Utility_CaseInsensitiveDictionary::offsetExists($key) should either be compatible with ArrayAccess::offsetExists(mixed $offset): bool, or the #[\ReturnTypeWillChange] attribute should be used to temporarily suppress the notice in /Applications/MAMP/htdocs/MEDIT/wp-includes/Requests/Utility/CaseInsensitiveDictionary.php on line 40
[24-Jun-2024 14:26:24 UTC] PHP Deprecated:  Return type of Requests_Utility_CaseInsensitiveDictionary::offsetGet($key) should either be compatible with ArrayAccess::offsetGet(mixed $offset): mixed, or the #[\ReturnTypeWillChange] attribute should be used to temporarily suppress the notice in /Applications/MAMP/htdocs/MEDIT/wp-includes/Requests/Utility/CaseInsensitiveDictionary.php on line 51
[24-Jun-2024 14:26:24 UTC] PHP Deprecated:  Return type of Requests_Utility_CaseInsensitiveDictionary::offsetSet($key, $value) should either be compatible with ArrayAccess::offsetSet(mixed $offset, mixed $value): void, or the #[\ReturnTypeWillChange] attribute should be used to temporarily suppress the notice in /Applications/MAMP/htdocs/MEDIT/wp-includes/Requests/Utility/CaseInsensitiveDictionary.php on line 68
[24-Jun-2024 14:26:24 UTC] PHP Deprecated:  Return type of Requests_Utility_CaseInsensitiveDictionary::offsetUnset($key) should either be compatible with ArrayAccess::offsetUnset(mixed $offset): void, or the #[\ReturnTypeWillChange] attribute should be used to temporarily suppress the notice in /Applications/MAMP/htdocs/MEDIT/wp-includes/Requests/Utility/CaseInsensitiveDictionary.php on line 82
[24-Jun-2024 14:26:24 UTC] PHP Deprecated:  Return type of Requests_Utility_CaseInsensitiveDictionary::getIterator() should either be compatible with IteratorAggregate::getIterator(): Traversable, or the #[\ReturnTypeWillChange] attribute should be used to temporarily suppress the notice in /Applications/MAMP/htdocs/MEDIT/wp-includes/Requests/Utility/CaseInsensitiveDictionary.php on line 91
[24-Jun-2024 14:28:38 UTC] PHP Deprecated:  Creation of dynamic property ACF::$fields is deprecated in /Applications/MAMP/htdocs/MEDIT/wp-content/plugins/advanced-custom-fields/includes/fields.php on line 138
[24-Jun-2024 14:28:38 UTC] PHP Deprecated:  Creation of dynamic property acf_loop::$loops is deprecated in /Applications/MAMP/htdocs/MEDIT/wp-content/plugins/advanced-custom-fields/includes/loop.php on line 28
[24-Jun-2024 14:28:38 UTC] PHP Deprecated:  Creation of dynamic property ACF::$loop is deprecated in /Applications/MAMP/htdocs/MEDIT/wp-content/plugins/advanced-custom-fields/includes/loop.php on line 269
[24-Jun-2024 14:28:38 UTC] PHP Deprecated:  Creation of dynamic property ACF::$revisions is deprecated in /Applications/MAMP/htdocs/MEDIT/wp-content/plugins/advanced-custom-fields/includes/revisions.php on line 387
[24-Jun-2024 14:28:38 UTC] PHP Deprecated:  Creation of dynamic property acf_validation::$errors is deprecated in /Applications/MAMP/htdocs/MEDIT/wp-content/plugins/advanced-custom-fields/includes/validation.php on line 28
[24-Jun-2024 14:28:38 UTC] PHP Deprecated:  Creation of dynamic property ACF::$validation is deprecated in /Applications/MAMP/htdocs/MEDIT/wp-content/plugins/advanced-custom-fields/includes/validation.php on line 215
[24-Jun-2024 14:28:38 UTC] PHP Deprecated:  Creation of dynamic property acf_form_customizer::$preview_values is deprecated in /Applications/MAMP/htdocs/MEDIT/wp-content/plugins/advanced-custom-fields/includes/forms/form-customizer.php on line 28
[24-Jun-2024 14:28:38 UTC] PHP Deprecated:  Creation of dynamic property acf_form_customizer::$preview_fields is deprecated in /Applications/MAMP/htdocs/MEDIT/wp-content/plugins/advanced-custom-fields/includes/forms/form-customizer.php on line 29
[24-Jun-2024 14:28:38 UTC] PHP Deprecated:  Creation of dynamic property acf_form_customizer::$preview_errors is deprecated in /Applications/MAMP/htdocs/MEDIT/wp-content/plugins/advanced-custom-fields/includes/forms/form-customizer.php on line 30
[24-Jun-2024 14:28:38 UTC] PHP Deprecated:  Creation of dynamic property ACF::$form_front is deprecated in /Applications/MAMP/htdocs/MEDIT/wp-content/plugins/advanced-custom-fields/includes/forms/form-front.php on line 600
[24-Jun-2024 14:28:38 UTC] PHP Deprecated:  Creation of dynamic property acf_form_widget::$preview_values is deprecated in /Applications/MAMP/htdocs/MEDIT/wp-content/plugins/advanced-custom-fields/includes/forms/form-widget.php on line 34
[24-Jun-2024 14:28:38 UTC] PHP Deprecated:  Creation of dynamic property acf_form_widget::$preview_reference is deprecated in /Applications/MAMP/htdocs/MEDIT/wp-content/plugins/advanced-custom-fields/includes/forms/form-widget.php on line 35
[24-Jun-2024 14:28:38 UTC] PHP Deprecated:  Creation of dynamic property acf_form_widget::$preview_errors is deprecated in /Applications/MAMP/htdocs/MEDIT/wp-content/plugins/advanced-custom-fields/includes/forms/form-widget.php on line 36
[24-Jun-2024 14:28:38 UTC] PHP Deprecated:  Using ${var} in strings is deprecated, use {$var} instead in /Applications/MAMP/htdocs/MEDIT/wp-content/plugins/contact-form-7/includes/mail.php on line 221
[24-Jun-2024 14:28:38 UTC] PHP Deprecated:  Using ${expr} (variable variables) in strings is deprecated, use {${expr}} instead in /Applications/MAMP/htdocs/MEDIT/wp-content/plugins/elementor/data/v2/manager.php on line 281
[24-Jun-2024 14:28:38 UTC] PHP Deprecated:  Creation of dynamic property Ocean_Elementor_Widgets::$plugin_url is deprecated in /Applications/MAMP/htdocs/MEDIT/wp-content/plugins/ocean-elementor-widgets/ocean-elementor-widgets.php on line 87
[24-Jun-2024 14:28:38 UTC] PHP Deprecated:  Creation of dynamic property Ocean_Elementor_Widgets::$plugin_path is deprecated in /Applications/MAMP/htdocs/MEDIT/wp-content/plugins/ocean-elementor-widgets/ocean-elementor-widgets.php on line 88
[24-Jun-2024 14:28:38 UTC] PHP Deprecated:  Creation of dynamic property Ocean_Extra::$plugin_url is deprecated in /Applications/MAMP/htdocs/MEDIT/wp-content/plugins/ocean-extra/ocean-extra.php on line 91
[24-Jun-2024 14:28:38 UTC] PHP Deprecated:  Creation of dynamic property Ocean_Extra::$plugin_path is deprecated in /Applications/MAMP/htdocs/MEDIT/wp-content/plugins/ocean-extra/ocean-extra.php on line 92
[24-Jun-2024 14:28:38 UTC] PHP Deprecated:  Creation of dynamic property Ocean_Social_Sharing::$plugin_url is deprecated in /Applications/MAMP/htdocs/MEDIT/wp-content/plugins/ocean-social-sharing/ocean-social-sharing.php on line 95
[24-Jun-2024 14:28:38 UTC] PHP Deprecated:  Creation of dynamic property Ocean_Social_Sharing::$plugin_path is deprecated in /Applications/MAMP/htdocs/MEDIT/wp-content/plugins/ocean-social-sharing/ocean-social-sharing.php on line 96
[24-Jun-2024 14:28:38 UTC] PHP Deprecated:  Using ${var} in strings is deprecated, use {$var} instead in /Applications/MAMP/htdocs/MEDIT/wp-content/plugins/elementor/core/editor/notice-bar.php on line 75
[24-Jun-2024 14:28:38 UTC] PHP Deprecated:  Using ${var} in strings is deprecated, use {$var} instead in /Applications/MAMP/htdocs/MEDIT/wp-content/plugins/elementor/core/editor/notice-bar.php on line 79
[24-Jun-2024 14:28:38 UTC] PHP Deprecated:  Creation of dynamic property acf_field_oembed::$width is deprecated in /Applications/MAMP/htdocs/MEDIT/wp-content/plugins/advanced-custom-fields/includes/fields/class-acf-field-oembed.php on line 31
[24-Jun-2024 14:28:38 UTC] PHP Deprecated:  Creation of dynamic property acf_field_oembed::$height is deprecated in /Applications/MAMP/htdocs/MEDIT/wp-content/plugins/advanced-custom-fields/includes/fields/class-acf-field-oembed.php on line 32
[24-Jun-2024 14:28:38 UTC] PHP Deprecated:  Creation of dynamic property acf_field_google_map::$default_values is deprecated in /Applications/MAMP/htdocs/MEDIT/wp-content/plugins/advanced-custom-fields/includes/fields/class-acf-field-google-map.php on line 33
[24-Jun-2024 14:28:38 UTC] PHP Deprecated:  Creation of dynamic property acf_field__group::$have_rows is deprecated in /Applications/MAMP/htdocs/MEDIT/wp-content/plugins/advanced-custom-fields/includes/fields/class-acf-field-group.php on line 31
[24-Jun-2024 14:28:38 UTC] PHP Deprecated:  Return type of Requests_Cookie_Jar::offsetExists($key) should either be compatible with ArrayAccess::offsetExists(mixed $offset): bool, or the #[\ReturnTypeWillChange] attribute should be used to temporarily suppress the notice in /Applications/MAMP/htdocs/MEDIT/wp-includes/Requests/Cookie/Jar.php on line 63
[24-Jun-2024 14:28:38 UTC] PHP Deprecated:  Return type of Requests_Cookie_Jar::offsetGet($key) should either be compatible with ArrayAccess::offsetGet(mixed $offset): mixed, or the #[\ReturnTypeWillChange] attribute should be used to temporarily suppress the notice in /Applications/MAMP/htdocs/MEDIT/wp-includes/Requests/Cookie/Jar.php on line 73
[24-Jun-2024 14:28:38 UTC] PHP Deprecated:  Return type of Requests_Cookie_Jar::offsetSet($key, $value) should either be compatible with ArrayAccess::offsetSet(mixed $offset, mixed $value): void, or the #[\ReturnTypeWillChange] attribute should be used to temporarily suppress the notice in /Applications/MAMP/htdocs/MEDIT/wp-includes/Requests/Cookie/Jar.php on line 89
[24-Jun-2024 14:28:38 UTC] PHP Deprecated:  Return type of Requests_Cookie_Jar::offsetUnset($key) should either be compatible with ArrayAccess::offsetUnset(mixed $offset): void, or the #[\ReturnTypeWillChange] attribute should be used to temporarily suppress the notice in /Applications/MAMP/htdocs/MEDIT/wp-includes/Requests/Cookie/Jar.php on line 102
[24-Jun-2024 14:28:38 UTC] PHP Deprecated:  Return type of Requests_Cookie_Jar::getIterator() should either be compatible with IteratorAggregate::getIterator(): Traversable, or the #[\ReturnTypeWillChange] attribute should be used to temporarily suppress the notice in /Applications/MAMP/htdocs/MEDIT/wp-includes/Requests/Cookie/Jar.php on line 111
[24-Jun-2024 14:28:38 UTC] PHP Deprecated:  Return type of Requests_Utility_CaseInsensitiveDictionary::offsetExists($key) should either be compatible with ArrayAccess::offsetExists(mixed $offset): bool, or the #[\ReturnTypeWillChange] attribute should be used to temporarily suppress the notice in /Applications/MAMP/htdocs/MEDIT/wp-includes/Requests/Utility/CaseInsensitiveDictionary.php on line 40
[24-Jun-2024 14:28:38 UTC] PHP Deprecated:  Return type of Requests_Utility_CaseInsensitiveDictionary::offsetGet($key) should either be compatible with ArrayAccess::offsetGet(mixed $offset): mixed, or the #[\ReturnTypeWillChange] attribute should be used to temporarily suppress the notice in /Applications/MAMP/htdocs/MEDIT/wp-includes/Requests/Utility/CaseInsensitiveDictionary.php on line 51
[24-Jun-2024 14:28:38 UTC] PHP Deprecated:  Return type of Requests_Utility_CaseInsensitiveDictionary::offsetSet($key, $value) should either be compatible with ArrayAccess::offsetSet(mixed $offset, mixed $value): void, or the #[\ReturnTypeWillChange] attribute should be used to temporarily suppress the notice in /Applications/MAMP/htdocs/MEDIT/wp-includes/Requests/Utility/CaseInsensitiveDictionary.php on line 68
[24-Jun-2024 14:28:38 UTC] PHP Deprecated:  Return type of Requests_Utility_CaseInsensitiveDictionary::offsetUnset($key) should either be compatible with ArrayAccess::offsetUnset(mixed $offset): void, or the #[\ReturnTypeWillChange] attribute should be used to temporarily suppress the notice in /Applications/MAMP/htdocs/MEDIT/wp-includes/Requests/Utility/CaseInsensitiveDictionary.php on line 82
[24-Jun-2024 14:28:38 UTC] PHP Deprecated:  Return type of Requests_Utility_CaseInsensitiveDictionary::getIterator() should either be compatible with IteratorAggregate::getIterator(): Traversable, or the #[\ReturnTypeWillChange] attribute should be used to temporarily suppress the notice in /Applications/MAMP/htdocs/MEDIT/wp-includes/Requests/Utility/CaseInsensitiveDictionary.php on line 91
[24-Jun-2024 14:28:46 UTC] PHP Deprecated:  Creation of dynamic property ACF::$fields is deprecated in /Applications/MAMP/htdocs/MEDIT/wp-content/plugins/advanced-custom-fields/includes/fields.php on line 138
[24-Jun-2024 14:28:46 UTC] PHP Deprecated:  Creation of dynamic property acf_loop::$loops is deprecated in /Applications/MAMP/htdocs/MEDIT/wp-content/plugins/advanced-custom-fields/includes/loop.php on line 28
[24-Jun-2024 14:28:46 UTC] PHP Deprecated:  Creation of dynamic property ACF::$loop is deprecated in /Applications/MAMP/htdocs/MEDIT/wp-content/plugins/advanced-custom-fields/includes/loop.php on line 269
[24-Jun-2024 14:28:46 UTC] PHP Deprecated:  Creation of dynamic property ACF::$revisions is deprecated in /Applications/MAMP/htdocs/MEDIT/wp-content/plugins/advanced-custom-fields/includes/revisions.php on line 387
[24-Jun-2024 14:28:46 UTC] PHP Deprecated:  Creation of dynamic property acf_validation::$errors is deprecated in /Applications/MAMP/htdocs/MEDIT/wp-content/plugins/advanced-custom-fields/includes/validation.php on line 28
[24-Jun-2024 14:28:46 UTC] PHP Deprecated:  Creation of dynamic property ACF::$validation is deprecated in /Applications/MAMP/htdocs/MEDIT/wp-content/plugins/advanced-custom-fields/includes/validation.php on line 215
[24-Jun-2024 14:28:46 UTC] PHP Deprecated:  Creation of dynamic property acf_form_customizer::$preview_values is deprecated in /Applications/MAMP/htdocs/MEDIT/wp-content/plugins/advanced-custom-fields/includes/forms/form-customizer.php on line 28
[24-Jun-2024 14:28:46 UTC] PHP Deprecated:  Creation of dynamic property acf_form_customizer::$preview_fields is deprecated in /Applications/MAMP/htdocs/MEDIT/wp-content/plugins/advanced-custom-fields/includes/forms/form-customizer.php on line 29
[24-Jun-2024 14:28:46 UTC] PHP Deprecated:  Creation of dynamic property acf_form_customizer::$preview_errors is deprecated in /Applications/MAMP/htdocs/MEDIT/wp-content/plugins/advanced-custom-fields/includes/forms/form-customizer.php on line 30
[24-Jun-2024 14:28:46 UTC] PHP Deprecated:  Creation of dynamic property ACF::$form_front is deprecated in /Applications/MAMP/htdocs/MEDIT/wp-content/plugins/advanced-custom-fields/includes/forms/form-front.php on line 600
[24-Jun-2024 14:28:46 UTC] PHP Deprecated:  Creation of dynamic property acf_form_widget::$preview_values is deprecated in /Applications/MAMP/htdocs/MEDIT/wp-content/plugins/advanced-custom-fields/includes/forms/form-widget.php on line 34
[24-Jun-2024 14:28:46 UTC] PHP Deprecated:  Creation of dynamic property acf_form_widget::$preview_reference is deprecated in /Applications/MAMP/htdocs/MEDIT/wp-content/plugins/advanced-custom-fields/includes/forms/form-widget.php on line 35
[24-Jun-2024 14:28:46 UTC] PHP Deprecated:  Creation of dynamic property acf_form_widget::$preview_errors is deprecated in /Applications/MAMP/htdocs/MEDIT/wp-content/plugins/advanced-custom-fields/includes/forms/form-widget.php on line 36
[24-Jun-2024 14:28:46 UTC] PHP Deprecated:  Using ${var} in strings is deprecated, use {$var} instead in /Applications/MAMP/htdocs/MEDIT/wp-content/plugins/contact-form-7/includes/mail.php on line 221
[24-Jun-2024 14:28:46 UTC] PHP Deprecated:  Using ${expr} (variable variables) in strings is deprecated, use {${expr}} instead in /Applications/MAMP/htdocs/MEDIT/wp-content/plugins/elementor/data/v2/manager.php on line 281
[24-Jun-2024 14:28:46 UTC] PHP Deprecated:  Creation of dynamic property Ocean_Elementor_Widgets::$plugin_url is deprecated in /Applications/MAMP/htdocs/MEDIT/wp-content/plugins/ocean-elementor-widgets/ocean-elementor-widgets.php on line 87
[24-Jun-2024 14:28:46 UTC] PHP Deprecated:  Creation of dynamic property Ocean_Elementor_Widgets::$plugin_path is deprecated in /Applications/MAMP/htdocs/MEDIT/wp-content/plugins/ocean-elementor-widgets/ocean-elementor-widgets.php on line 88
[24-Jun-2024 14:28:46 UTC] PHP Deprecated:  Creation of dynamic property Ocean_Extra::$plugin_url is deprecated in /Applications/MAMP/htdocs/MEDIT/wp-content/plugins/ocean-extra/ocean-extra.php on line 91
[24-Jun-2024 14:28:46 UTC] PHP Deprecated:  Creation of dynamic property Ocean_Extra::$plugin_path is deprecated in /Applications/MAMP/htdocs/MEDIT/wp-content/plugins/ocean-extra/ocean-extra.php on line 92
[24-Jun-2024 14:28:46 UTC] PHP Deprecated:  Creation of dynamic property Ocean_Social_Sharing::$plugin_url is deprecated in /Applications/MAMP/htdocs/MEDIT/wp-content/plugins/ocean-social-sharing/ocean-social-sharing.php on line 95
[24-Jun-2024 14:28:46 UTC] PHP Deprecated:  Creation of dynamic property Ocean_Social_Sharing::$plugin_path is deprecated in /Applications/MAMP/htdocs/MEDIT/wp-content/plugins/ocean-social-sharing/ocean-social-sharing.php on line 96
[24-Jun-2024 14:28:46 UTC] PHP Deprecated:  Using ${var} in strings is deprecated, use {$var} instead in /Applications/MAMP/htdocs/MEDIT/wp-content/plugins/elementor/core/editor/notice-bar.php on line 75
[24-Jun-2024 14:28:46 UTC] PHP Deprecated:  Using ${var} in strings is deprecated, use {$var} instead in /Applications/MAMP/htdocs/MEDIT/wp-content/plugins/elementor/core/editor/notice-bar.php on line 79
[24-Jun-2024 14:28:46 UTC] PHP Deprecated:  Creation of dynamic property acf_field_oembed::$width is deprecated in /Applications/MAMP/htdocs/MEDIT/wp-content/plugins/advanced-custom-fields/includes/fields/class-acf-field-oembed.php on line 31
[24-Jun-2024 14:28:46 UTC] PHP Deprecated:  Creation of dynamic property acf_field_oembed::$height is deprecated in /Applications/MAMP/htdocs/MEDIT/wp-content/plugins/advanced-custom-fields/includes/fields/class-acf-field-oembed.php on line 32
[24-Jun-2024 14:28:46 UTC] PHP Deprecated:  Creation of dynamic property acf_field_google_map::$default_values is deprecated in /Applications/MAMP/htdocs/MEDIT/wp-content/plugins/advanced-custom-fields/includes/fields/class-acf-field-google-map.php on line 33
[24-Jun-2024 14:28:46 UTC] PHP Deprecated:  Creation of dynamic property acf_field__group::$have_rows is deprecated in /Applications/MAMP/htdocs/MEDIT/wp-content/plugins/advanced-custom-fields/includes/fields/class-acf-field-group.php on line 31
[24-Jun-2024 14:29:24 UTC] PHP Deprecated:  Creation of dynamic property ACF::$fields is deprecated in /Applications/MAMP/htdocs/MEDIT/wp-content/plugins/advanced-custom-fields/includes/fields.php on line 138
[24-Jun-2024 14:29:24 UTC] PHP Deprecated:  Creation of dynamic property acf_loop::$loops is deprecated in /Applications/MAMP/htdocs/MEDIT/wp-content/plugins/advanced-custom-fields/includes/loop.php on line 28
[24-Jun-2024 14:29:24 UTC] PHP Deprecated:  Creation of dynamic property ACF::$loop is deprecated in /Applications/MAMP/htdocs/MEDIT/wp-content/plugins/advanced-custom-fields/includes/loop.php on line 269
[24-Jun-2024 14:29:24 UTC] PHP Deprecated:  Creation of dynamic property ACF::$revisions is deprecated in /Applications/MAMP/htdocs/MEDIT/wp-content/plugins/advanced-custom-fields/includes/revisions.php on line 387
[24-Jun-2024 14:29:24 UTC] PHP Deprecated:  Creation of dynamic property acf_validation::$errors is deprecated in /Applications/MAMP/htdocs/MEDIT/wp-content/plugins/advanced-custom-fields/includes/validation.php on line 28
[24-Jun-2024 14:29:24 UTC] PHP Deprecated:  Creation of dynamic property ACF::$validation is deprecated in /Applications/MAMP/htdocs/MEDIT/wp-content/plugins/advanced-custom-fields/includes/validation.php on line 215
[24-Jun-2024 14:29:24 UTC] PHP Deprecated:  Creation of dynamic property acf_form_customizer::$preview_values is deprecated in /Applications/MAMP/htdocs/MEDIT/wp-content/plugins/advanced-custom-fields/includes/forms/form-customizer.php on line 28
[24-Jun-2024 14:29:24 UTC] PHP Deprecated:  Creation of dynamic property acf_form_customizer::$preview_fields is deprecated in /Applications/MAMP/htdocs/MEDIT/wp-content/plugins/advanced-custom-fields/includes/forms/form-customizer.php on line 29
[24-Jun-2024 14:29:24 UTC] PHP Deprecated:  Creation of dynamic property acf_form_customizer::$preview_errors is deprecated in /Applications/MAMP/htdocs/MEDIT/wp-content/plugins/advanced-custom-fields/includes/forms/form-customizer.php on line 30
[24-Jun-2024 14:29:24 UTC] PHP Deprecated:  Creation of dynamic property ACF::$form_front is deprecated in /Applications/MAMP/htdocs/MEDIT/wp-content/plugins/advanced-custom-fields/includes/forms/form-front.php on line 600
[24-Jun-2024 14:29:24 UTC] PHP Deprecated:  Creation of dynamic property acf_form_widget::$preview_values is deprecated in /Applications/MAMP/htdocs/MEDIT/wp-content/plugins/advanced-custom-fields/includes/forms/form-widget.php on line 34
[24-Jun-2024 14:29:24 UTC] PHP Deprecated:  Creation of dynamic property acf_form_widget::$preview_reference is deprecated in /Applications/MAMP/htdocs/MEDIT/wp-content/plugins/advanced-custom-fields/includes/forms/form-widget.php on line 35
[24-Jun-2024 14:29:24 UTC] PHP Deprecated:  Creation of dynamic property acf_form_widget::$preview_errors is deprecated in /Applications/MAMP/htdocs/MEDIT/wp-content/plugins/advanced-custom-fields/includes/forms/form-widget.php on line 36
[24-Jun-2024 14:29:24 UTC] PHP Deprecated:  Using ${var} in strings is deprecated, use {$var} instead in /Applications/MAMP/htdocs/MEDIT/wp-content/plugins/contact-form-7/includes/mail.php on line 221
[24-Jun-2024 14:29:24 UTC] PHP Deprecated:  Using ${expr} (variable variables) in strings is deprecated, use {${expr}} instead in /Applications/MAMP/htdocs/MEDIT/wp-content/plugins/elementor/data/v2/manager.php on line 281
[24-Jun-2024 14:29:24 UTC] PHP Deprecated:  Creation of dynamic property Ocean_Elementor_Widgets::$plugin_url is deprecated in /Applications/MAMP/htdocs/MEDIT/wp-content/plugins/ocean-elementor-widgets/ocean-elementor-widgets.php on line 87
[24-Jun-2024 14:29:24 UTC] PHP Deprecated:  Creation of dynamic property Ocean_Elementor_Widgets::$plugin_path is deprecated in /Applications/MAMP/htdocs/MEDIT/wp-content/plugins/ocean-elementor-widgets/ocean-elementor-widgets.php on line 88
[24-Jun-2024 14:29:24 UTC] PHP Deprecated:  Creation of dynamic property Ocean_Extra::$plugin_url is deprecated in /Applications/MAMP/htdocs/MEDIT/wp-content/plugins/ocean-extra/ocean-extra.php on line 91
[24-Jun-2024 14:29:24 UTC] PHP Deprecated:  Creation of dynamic property Ocean_Extra::$plugin_path is deprecated in /Applications/MAMP/htdocs/MEDIT/wp-content/plugins/ocean-extra/ocean-extra.php on line 92
[24-Jun-2024 14:29:24 UTC] PHP Deprecated:  Creation of dynamic property Ocean_Social_Sharing::$plugin_url is deprecated in /Applications/MAMP/htdocs/MEDIT/wp-content/plugins/ocean-social-sharing/ocean-social-sharing.php on line 95
[24-Jun-2024 14:29:24 UTC] PHP Deprecated:  Creation of dynamic property Ocean_Social_Sharing::$plugin_path is deprecated in /Applications/MAMP/htdocs/MEDIT/wp-content/plugins/ocean-social-sharing/ocean-social-sharing.php on line 96
[24-Jun-2024 14:29:24 UTC] PHP Deprecated:  Using ${var} in strings is deprecated, use {$var} instead in /Applications/MAMP/htdocs/MEDIT/wp-content/plugins/elementor/core/editor/notice-bar.php on line 75
[24-Jun-2024 14:29:24 UTC] PHP Deprecated:  Using ${var} in strings is deprecated, use {$var} instead in /Applications/MAMP/htdocs/MEDIT/wp-content/plugins/elementor/core/editor/notice-bar.php on line 79
[24-Jun-2024 14:29:24 UTC] PHP Deprecated:  Creation of dynamic property acf_field_oembed::$width is deprecated in /Applications/MAMP/htdocs/MEDIT/wp-content/plugins/advanced-custom-fields/includes/fields/class-acf-field-oembed.php on line 31
[24-Jun-2024 14:29:24 UTC] PHP Deprecated:  Creation of dynamic property acf_field_oembed::$height is deprecated in /Applications/MAMP/htdocs/MEDIT/wp-content/plugins/advanced-custom-fields/includes/fields/class-acf-field-oembed.php on line 32
[24-Jun-2024 14:29:24 UTC] PHP Deprecated:  Creation of dynamic property acf_field_google_map::$default_values is deprecated in /Applications/MAMP/htdocs/MEDIT/wp-content/plugins/advanced-custom-fields/includes/fields/class-acf-field-google-map.php on line 33
[24-Jun-2024 14:29:24 UTC] PHP Deprecated:  Creation of dynamic property acf_field__group::$have_rows is deprecated in /Applications/MAMP/htdocs/MEDIT/wp-content/plugins/advanced-custom-fields/includes/fields/class-acf-field-group.php on line 31
[24-Jun-2024 14:30:05 UTC] PHP Deprecated:  Creation of dynamic property ACF::$fields is deprecated in /Applications/MAMP/htdocs/MEDIT/wp-content/plugins/advanced-custom-fields/includes/fields.php on line 138
[24-Jun-2024 14:30:05 UTC] PHP Deprecated:  Creation of dynamic property acf_loop::$loops is deprecated in /Applications/MAMP/htdocs/MEDIT/wp-content/plugins/advanced-custom-fields/includes/loop.php on line 28
[24-Jun-2024 14:30:05 UTC] PHP Deprecated:  Creation of dynamic property ACF::$loop is deprecated in /Applications/MAMP/htdocs/MEDIT/wp-content/plugins/advanced-custom-fields/includes/loop.php on line 269
[24-Jun-2024 14:30:05 UTC] PHP Deprecated:  Creation of dynamic property ACF::$revisions is deprecated in /Applications/MAMP/htdocs/MEDIT/wp-content/plugins/advanced-custom-fields/includes/revisions.php on line 387
[24-Jun-2024 14:30:05 UTC] PHP Deprecated:  Creation of dynamic property acf_validation::$errors is deprecated in /Applications/MAMP/htdocs/MEDIT/wp-content/plugins/advanced-custom-fields/includes/validation.php on line 28
[24-Jun-2024 14:30:05 UTC] PHP Deprecated:  Creation of dynamic property ACF::$validation is deprecated in /Applications/MAMP/htdocs/MEDIT/wp-content/plugins/advanced-custom-fields/includes/validation.php on line 215
[24-Jun-2024 14:30:05 UTC] PHP Deprecated:  Creation of dynamic property acf_form_customizer::$preview_values is deprecated in /Applications/MAMP/htdocs/MEDIT/wp-content/plugins/advanced-custom-fields/includes/forms/form-customizer.php on line 28
[24-Jun-2024 14:30:05 UTC] PHP Deprecated:  Creation of dynamic property acf_form_customizer::$preview_fields is deprecated in /Applications/MAMP/htdocs/MEDIT/wp-content/plugins/advanced-custom-fields/includes/forms/form-customizer.php on line 29
[24-Jun-2024 14:30:05 UTC] PHP Deprecated:  Creation of dynamic property acf_form_customizer::$preview_errors is deprecated in /Applications/MAMP/htdocs/MEDIT/wp-content/plugins/advanced-custom-fields/includes/forms/form-customizer.php on line 30
[24-Jun-2024 14:30:05 UTC] PHP Deprecated:  Creation of dynamic property ACF::$form_front is deprecated in /Applications/MAMP/htdocs/MEDIT/wp-content/plugins/advanced-custom-fields/includes/forms/form-front.php on line 600
[24-Jun-2024 14:30:05 UTC] PHP Deprecated:  Creation of dynamic property acf_form_widget::$preview_values is deprecated in /Applications/MAMP/htdocs/MEDIT/wp-content/plugins/advanced-custom-fields/includes/forms/form-widget.php on line 34
[24-Jun-2024 14:30:05 UTC] PHP Deprecated:  Creation of dynamic property acf_form_widget::$preview_reference is deprecated in /Applications/MAMP/htdocs/MEDIT/wp-content/plugins/advanced-custom-fields/includes/forms/form-widget.php on line 35
[24-Jun-2024 14:30:05 UTC] PHP Deprecated:  Creation of dynamic property acf_form_widget::$preview_errors is deprecated in /Applications/MAMP/htdocs/MEDIT/wp-content/plugins/advanced-custom-fields/includes/forms/form-widget.php on line 36
[24-Jun-2024 14:30:05 UTC] PHP Deprecated:  Using ${var} in strings is deprecated, use {$var} instead in /Applications/MAMP/htdocs/MEDIT/wp-content/plugins/contact-form-7/includes/mail.php on line 221
[24-Jun-2024 14:30:05 UTC] PHP Deprecated:  Using ${expr} (variable variables) in strings is deprecated, use {${expr}} instead in /Applications/MAMP/htdocs/MEDIT/wp-content/plugins/elementor/data/v2/manager.php on line 281
[24-Jun-2024 14:30:05 UTC] PHP Deprecated:  Creation of dynamic property Ocean_Elementor_Widgets::$plugin_url is deprecated in /Applications/MAMP/htdocs/MEDIT/wp-content/plugins/ocean-elementor-widgets/ocean-elementor-widgets.php on line 87
[24-Jun-2024 14:30:05 UTC] PHP Deprecated:  Creation of dynamic property Ocean_Elementor_Widgets::$plugin_path is deprecated in /Applications/MAMP/htdocs/MEDIT/wp-content/plugins/ocean-elementor-widgets/ocean-elementor-widgets.php on line 88
[24-Jun-2024 14:30:05 UTC] PHP Deprecated:  Creation of dynamic property Ocean_Extra::$plugin_url is deprecated in /Applications/MAMP/htdocs/MEDIT/wp-content/plugins/ocean-extra/ocean-extra.php on line 91
[24-Jun-2024 14:30:05 UTC] PHP Deprecated:  Creation of dynamic property Ocean_Extra::$plugin_path is deprecated in /Applications/MAMP/htdocs/MEDIT/wp-content/plugins/ocean-extra/ocean-extra.php on line 92
[24-Jun-2024 14:30:05 UTC] PHP Deprecated:  Creation of dynamic property Ocean_Social_Sharing::$plugin_url is deprecated in /Applications/MAMP/htdocs/MEDIT/wp-content/plugins/ocean-social-sharing/ocean-social-sharing.php on line 95
[24-Jun-2024 14:30:05 UTC] PHP Deprecated:  Creation of dynamic property Ocean_Social_Sharing::$plugin_path is deprecated in /Applications/MAMP/htdocs/MEDIT/wp-content/plugins/ocean-social-sharing/ocean-social-sharing.php on line 96
[24-Jun-2024 14:30:06 UTC] PHP Deprecated:  Using ${var} in strings is deprecated, use {$var} instead in /Applications/MAMP/htdocs/MEDIT/wp-content/plugins/elementor/core/editor/notice-bar.php on line 75
[24-Jun-2024 14:30:06 UTC] PHP Deprecated:  Using ${var} in strings is deprecated, use {$var} instead in /Applications/MAMP/htdocs/MEDIT/wp-content/plugins/elementor/core/editor/notice-bar.php on line 79
[24-Jun-2024 14:30:06 UTC] PHP Deprecated:  Creation of dynamic property acf_field_oembed::$width is deprecated in /Applications/MAMP/htdocs/MEDIT/wp-content/plugins/advanced-custom-fields/includes/fields/class-acf-field-oembed.php on line 31
[24-Jun-2024 14:30:06 UTC] PHP Deprecated:  Creation of dynamic property acf_field_oembed::$height is deprecated in /Applications/MAMP/htdocs/MEDIT/wp-content/plugins/advanced-custom-fields/includes/fields/class-acf-field-oembed.php on line 32
[24-Jun-2024 14:30:06 UTC] PHP Deprecated:  Creation of dynamic property acf_field_google_map::$default_values is deprecated in /Applications/MAMP/htdocs/MEDIT/wp-content/plugins/advanced-custom-fields/includes/fields/class-acf-field-google-map.php on line 33
[24-Jun-2024 14:30:06 UTC] PHP Deprecated:  Creation of dynamic property acf_field__group::$have_rows is deprecated in /Applications/MAMP/htdocs/MEDIT/wp-content/plugins/advanced-custom-fields/includes/fields/class-acf-field-group.php on line 31
[24-Jun-2024 14:30:06 UTC] PHP Deprecated:  Return type of Requests_Cookie_Jar::offsetExists($key) should either be compatible with ArrayAccess::offsetExists(mixed $offset): bool, or the #[\ReturnTypeWillChange] attribute should be used to temporarily suppress the notice in /Applications/MAMP/htdocs/MEDIT/wp-includes/Requests/Cookie/Jar.php on line 63
[24-Jun-2024 14:30:06 UTC] PHP Deprecated:  Return type of Requests_Cookie_Jar::offsetGet($key) should either be compatible with ArrayAccess::offsetGet(mixed $offset): mixed, or the #[\ReturnTypeWillChange] attribute should be used to temporarily suppress the notice in /Applications/MAMP/htdocs/MEDIT/wp-includes/Requests/Cookie/Jar.php on line 73
[24-Jun-2024 14:30:06 UTC] PHP Deprecated:  Return type of Requests_Cookie_Jar::offsetSet($key, $value) should either be compatible with ArrayAccess::offsetSet(mixed $offset, mixed $value): void, or the #[\ReturnTypeWillChange] attribute should be used to temporarily suppress the notice in /Applications/MAMP/htdocs/MEDIT/wp-includes/Requests/Cookie/Jar.php on line 89
[24-Jun-2024 14:30:06 UTC] PHP Deprecated:  Return type of Requests_Cookie_Jar::offsetUnset($key) should either be compatible with ArrayAccess::offsetUnset(mixed $offset): void, or the #[\ReturnTypeWillChange] attribute should be used to temporarily suppress the notice in /Applications/MAMP/htdocs/MEDIT/wp-includes/Requests/Cookie/Jar.php on line 102
[24-Jun-2024 14:30:06 UTC] PHP Deprecated:  Return type of Requests_Cookie_Jar::getIterator() should either be compatible with IteratorAggregate::getIterator(): Traversable, or the #[\ReturnTypeWillChange] attribute should be used to temporarily suppress the notice in /Applications/MAMP/htdocs/MEDIT/wp-includes/Requests/Cookie/Jar.php on line 111
[24-Jun-2024 14:30:06 UTC] PHP Deprecated:  Return type of Requests_Utility_CaseInsensitiveDictionary::offsetExists($key) should either be compatible with ArrayAccess::offsetExists(mixed $offset): bool, or the #[\ReturnTypeWillChange] attribute should be used to temporarily suppress the notice in /Applications/MAMP/htdocs/MEDIT/wp-includes/Requests/Utility/CaseInsensitiveDictionary.php on line 40
[24-Jun-2024 14:30:06 UTC] PHP Deprecated:  Return type of Requests_Utility_CaseInsensitiveDictionary::offsetGet($key) should either be compatible with ArrayAccess::offsetGet(mixed $offset): mixed, or the #[\ReturnTypeWillChange] attribute should be used to temporarily suppress the notice in /Applications/MAMP/htdocs/MEDIT/wp-includes/Requests/Utility/CaseInsensitiveDictionary.php on line 51
[24-Jun-2024 14:30:06 UTC] PHP Deprecated:  Return type of Requests_Utility_CaseInsensitiveDictionary::offsetSet($key, $value) should either be compatible with ArrayAccess::offsetSet(mixed $offset, mixed $value): void, or the #[\ReturnTypeWillChange] attribute should be used to temporarily suppress the notice in /Applications/MAMP/htdocs/MEDIT/wp-includes/Requests/Utility/CaseInsensitiveDictionary.php on line 68
[24-Jun-2024 14:30:06 UTC] PHP Deprecated:  Return type of Requests_Utility_CaseInsensitiveDictionary::offsetUnset($key) should either be compatible with ArrayAccess::offsetUnset(mixed $offset): void, or the #[\ReturnTypeWillChange] attribute should be used to temporarily suppress the notice in /Applications/MAMP/htdocs/MEDIT/wp-includes/Requests/Utility/CaseInsensitiveDictionary.php on line 82
[24-Jun-2024 14:30:06 UTC] PHP Deprecated:  Return type of Requests_Utility_CaseInsensitiveDictionary::getIterator() should either be compatible with IteratorAggregate::getIterator(): Traversable, or the #[\ReturnTypeWillChange] attribute should be used to temporarily suppress the notice in /Applications/MAMP/htdocs/MEDIT/wp-includes/Requests/Utility/CaseInsensitiveDictionary.php on line 91
[24-Jun-2024 14:31:34 UTC] PHP Warning:  mysqli_real_connect(): (HY000/2002): Connection refused in /Applications/MAMP/htdocs/MEDIT/wp-includes/class-wpdb.php on line 1775
[24-Jun-2024 14:32:39 UTC] PHP Deprecated:  Creation of dynamic property ACF::$fields is deprecated in /Applications/MAMP/htdocs/MEDIT/wp-content/plugins/advanced-custom-fields/includes/fields.php on line 138
[24-Jun-2024 14:32:39 UTC] PHP Deprecated:  Creation of dynamic property acf_loop::$loops is deprecated in /Applications/MAMP/htdocs/MEDIT/wp-content/plugins/advanced-custom-fields/includes/loop.php on line 28
[24-Jun-2024 14:32:39 UTC] PHP Deprecated:  Creation of dynamic property ACF::$loop is deprecated in /Applications/MAMP/htdocs/MEDIT/wp-content/plugins/advanced-custom-fields/includes/loop.php on line 269
[24-Jun-2024 14:32:39 UTC] PHP Deprecated:  Creation of dynamic property ACF::$revisions is deprecated in /Applications/MAMP/htdocs/MEDIT/wp-content/plugins/advanced-custom-fields/includes/revisions.php on line 387
[24-Jun-2024 14:32:39 UTC] PHP Deprecated:  Creation of dynamic property acf_validation::$errors is deprecated in /Applications/MAMP/htdocs/MEDIT/wp-content/plugins/advanced-custom-fields/includes/validation.php on line 28
[24-Jun-2024 14:32:39 UTC] PHP Deprecated:  Creation of dynamic property ACF::$validation is deprecated in /Applications/MAMP/htdocs/MEDIT/wp-content/plugins/advanced-custom-fields/includes/validation.php on line 215
[24-Jun-2024 14:32:39 UTC] PHP Deprecated:  Creation of dynamic property acf_form_customizer::$preview_values is deprecated in /Applications/MAMP/htdocs/MEDIT/wp-content/plugins/advanced-custom-fields/includes/forms/form-customizer.php on line 28
[24-Jun-2024 14:32:39 UTC] PHP Deprecated:  Creation of dynamic property acf_form_customizer::$preview_fields is deprecated in /Applications/MAMP/htdocs/MEDIT/wp-content/plugins/advanced-custom-fields/includes/forms/form-customizer.php on line 29
[24-Jun-2024 14:32:39 UTC] PHP Deprecated:  Creation of dynamic property acf_form_customizer::$preview_errors is deprecated in /Applications/MAMP/htdocs/MEDIT/wp-content/plugins/advanced-custom-fields/includes/forms/form-customizer.php on line 30
[24-Jun-2024 14:32:39 UTC] PHP Deprecated:  Creation of dynamic property ACF::$form_front is deprecated in /Applications/MAMP/htdocs/MEDIT/wp-content/plugins/advanced-custom-fields/includes/forms/form-front.php on line 600
[24-Jun-2024 14:32:39 UTC] PHP Deprecated:  Creation of dynamic property acf_form_widget::$preview_values is deprecated in /Applications/MAMP/htdocs/MEDIT/wp-content/plugins/advanced-custom-fields/includes/forms/form-widget.php on line 34
[24-Jun-2024 14:32:39 UTC] PHP Deprecated:  Creation of dynamic property acf_form_widget::$preview_reference is deprecated in /Applications/MAMP/htdocs/MEDIT/wp-content/plugins/advanced-custom-fields/includes/forms/form-widget.php on line 35
[24-Jun-2024 14:32:39 UTC] PHP Deprecated:  Creation of dynamic property acf_form_widget::$preview_errors is deprecated in /Applications/MAMP/htdocs/MEDIT/wp-content/plugins/advanced-custom-fields/includes/forms/form-widget.php on line 36
[24-Jun-2024 14:32:39 UTC] PHP Deprecated:  Using ${var} in strings is deprecated, use {$var} instead in /Applications/MAMP/htdocs/MEDIT/wp-content/plugins/contact-form-7/includes/mail.php on line 221
[24-Jun-2024 14:32:39 UTC] PHP Deprecated:  Using ${expr} (variable variables) in strings is deprecated, use {${expr}} instead in /Applications/MAMP/htdocs/MEDIT/wp-content/plugins/elementor/data/v2/manager.php on line 281
[24-Jun-2024 14:32:39 UTC] PHP Deprecated:  Creation of dynamic property Ocean_Elementor_Widgets::$plugin_url is deprecated in /Applications/MAMP/htdocs/MEDIT/wp-content/plugins/ocean-elementor-widgets/ocean-elementor-widgets.php on line 87
[24-Jun-2024 14:32:39 UTC] PHP Deprecated:  Creation of dynamic property Ocean_Elementor_Widgets::$plugin_path is deprecated in /Applications/MAMP/htdocs/MEDIT/wp-content/plugins/ocean-elementor-widgets/ocean-elementor-widgets.php on line 88
[24-Jun-2024 14:32:39 UTC] PHP Deprecated:  Creation of dynamic property Ocean_Extra::$plugin_url is deprecated in /Applications/MAMP/htdocs/MEDIT/wp-content/plugins/ocean-extra/ocean-extra.php on line 91
[24-Jun-2024 14:32:39 UTC] PHP Deprecated:  Creation of dynamic property Ocean_Extra::$plugin_path is deprecated in /Applications/MAMP/htdocs/MEDIT/wp-content/plugins/ocean-extra/ocean-extra.php on line 92
[24-Jun-2024 14:32:39 UTC] PHP Deprecated:  Creation of dynamic property Ocean_Social_Sharing::$plugin_url is deprecated in /Applications/MAMP/htdocs/MEDIT/wp-content/plugins/ocean-social-sharing/ocean-social-sharing.php on line 95
[24-Jun-2024 14:32:39 UTC] PHP Deprecated:  Creation of dynamic property Ocean_Social_Sharing::$plugin_path is deprecated in /Applications/MAMP/htdocs/MEDIT/wp-content/plugins/ocean-social-sharing/ocean-social-sharing.php on line 96
[24-Jun-2024 14:32:39 UTC] PHP Deprecated:  Using ${var} in strings is deprecated, use {$var} instead in /Applications/MAMP/htdocs/MEDIT/wp-content/plugins/elementor/core/editor/notice-bar.php on line 75
[24-Jun-2024 14:32:39 UTC] PHP Deprecated:  Using ${var} in strings is deprecated, use {$var} instead in /Applications/MAMP/htdocs/MEDIT/wp-content/plugins/elementor/core/editor/notice-bar.php on line 79
[24-Jun-2024 14:32:39 UTC] PHP Deprecated:  Creation of dynamic property acf_field_oembed::$width is deprecated in /Applications/MAMP/htdocs/MEDIT/wp-content/plugins/advanced-custom-fields/includes/fields/class-acf-field-oembed.php on line 31
[24-Jun-2024 14:32:39 UTC] PHP Deprecated:  Creation of dynamic property acf_field_oembed::$height is deprecated in /Applications/MAMP/htdocs/MEDIT/wp-content/plugins/advanced-custom-fields/includes/fields/class-acf-field-oembed.php on line 32
[24-Jun-2024 14:32:39 UTC] PHP Deprecated:  Creation of dynamic property acf_field_google_map::$default_values is deprecated in /Applications/MAMP/htdocs/MEDIT/wp-content/plugins/advanced-custom-fields/includes/fields/class-acf-field-google-map.php on line 33
[24-Jun-2024 14:32:39 UTC] PHP Deprecated:  Creation of dynamic property acf_field__group::$have_rows is deprecated in /Applications/MAMP/htdocs/MEDIT/wp-content/plugins/advanced-custom-fields/includes/fields/class-acf-field-group.php on line 31
[24-Jun-2024 14:32:39 UTC] PHP Deprecated:  Return type of Requests_Cookie_Jar::offsetExists($key) should either be compatible with ArrayAccess::offsetExists(mixed $offset): bool, or the #[\ReturnTypeWillChange] attribute should be used to temporarily suppress the notice in /Applications/MAMP/htdocs/MEDIT/wp-includes/Requests/Cookie/Jar.php on line 63
[24-Jun-2024 14:32:39 UTC] PHP Deprecated:  Return type of Requests_Cookie_Jar::offsetGet($key) should either be compatible with ArrayAccess::offsetGet(mixed $offset): mixed, or the #[\ReturnTypeWillChange] attribute should be used to temporarily suppress the notice in /Applications/MAMP/htdocs/MEDIT/wp-includes/Requests/Cookie/Jar.php on line 73
[24-Jun-2024 14:32:39 UTC] PHP Deprecated:  Return type of Requests_Cookie_Jar::offsetSet($key, $value) should either be compatible with ArrayAccess::offsetSet(mixed $offset, mixed $value): void, or the #[\ReturnTypeWillChange] attribute should be used to temporarily suppress the notice in /Applications/MAMP/htdocs/MEDIT/wp-includes/Requests/Cookie/Jar.php on line 89
[24-Jun-2024 14:32:39 UTC] PHP Deprecated:  Return type of Requests_Cookie_Jar::offsetUnset($key) should either be compatible with ArrayAccess::offsetUnset(mixed $offset): void, or the #[\ReturnTypeWillChange] attribute should be used to temporarily suppress the notice in /Applications/MAMP/htdocs/MEDIT/wp-includes/Requests/Cookie/Jar.php on line 102
[24-Jun-2024 14:32:39 UTC] PHP Deprecated:  Return type of Requests_Cookie_Jar::getIterator() should either be compatible with IteratorAggregate::getIterator(): Traversable, or the #[\ReturnTypeWillChange] attribute should be used to temporarily suppress the notice in /Applications/MAMP/htdocs/MEDIT/wp-includes/Requests/Cookie/Jar.php on line 111
[24-Jun-2024 14:32:39 UTC] PHP Deprecated:  Return type of Requests_Utility_CaseInsensitiveDictionary::offsetExists($key) should either be compatible with ArrayAccess::offsetExists(mixed $offset): bool, or the #[\ReturnTypeWillChange] attribute should be used to temporarily suppress the notice in /Applications/MAMP/htdocs/MEDIT/wp-includes/Requests/Utility/CaseInsensitiveDictionary.php on line 40
[24-Jun-2024 14:32:39 UTC] PHP Deprecated:  Return type of Requests_Utility_CaseInsensitiveDictionary::offsetGet($key) should either be compatible with ArrayAccess::offsetGet(mixed $offset): mixed, or the #[\ReturnTypeWillChange] attribute should be used to temporarily suppress the notice in /Applications/MAMP/htdocs/MEDIT/wp-includes/Requests/Utility/CaseInsensitiveDictionary.php on line 51
[24-Jun-2024 14:32:39 UTC] PHP Deprecated:  Return type of Requests_Utility_CaseInsensitiveDictionary::offsetSet($key, $value) should either be compatible with ArrayAccess::offsetSet(mixed $offset, mixed $value): void, or the #[\ReturnTypeWillChange] attribute should be used to temporarily suppress the notice in /Applications/MAMP/htdocs/MEDIT/wp-includes/Requests/Utility/CaseInsensitiveDictionary.php on line 68
[24-Jun-2024 14:32:39 UTC] PHP Deprecated:  Return type of Requests_Utility_CaseInsensitiveDictionary::offsetUnset($key) should either be compatible with ArrayAccess::offsetUnset(mixed $offset): void, or the #[\ReturnTypeWillChange] attribute should be used to temporarily suppress the notice in /Applications/MAMP/htdocs/MEDIT/wp-includes/Requests/Utility/CaseInsensitiveDictionary.php on line 82
[24-Jun-2024 14:32:39 UTC] PHP Deprecated:  Return type of Requests_Utility_CaseInsensitiveDictionary::getIterator() should either be compatible with IteratorAggregate::getIterator(): Traversable, or the #[\ReturnTypeWillChange] attribute should be used to temporarily suppress the notice in /Applications/MAMP/htdocs/MEDIT/wp-includes/Requests/Utility/CaseInsensitiveDictionary.php on line 91
[24-Jun-2024 14:32:50 UTC] PHP Warning:  mysqli_real_connect(): (HY000/1045): Access denied for user 'root'@'localhost' (using password: NO) in /Applications/MAMP/htdocs/MEDIT/wp-includes/class-wpdb.php on line 1775
[24-Jun-2024 14:33:00 UTC] PHP Deprecated:  Creation of dynamic property ACF::$fields is deprecated in /Applications/MAMP/htdocs/MEDIT/wp-content/plugins/advanced-custom-fields/includes/fields.php on line 138
[24-Jun-2024 14:33:00 UTC] PHP Deprecated:  Creation of dynamic property acf_loop::$loops is deprecated in /Applications/MAMP/htdocs/MEDIT/wp-content/plugins/advanced-custom-fields/includes/loop.php on line 28
[24-Jun-2024 14:33:00 UTC] PHP Deprecated:  Creation of dynamic property ACF::$loop is deprecated in /Applications/MAMP/htdocs/MEDIT/wp-content/plugins/advanced-custom-fields/includes/loop.php on line 269
[24-Jun-2024 14:33:00 UTC] PHP Deprecated:  Creation of dynamic property ACF::$revisions is deprecated in /Applications/MAMP/htdocs/MEDIT/wp-content/plugins/advanced-custom-fields/includes/revisions.php on line 387
[24-Jun-2024 14:33:00 UTC] PHP Deprecated:  Creation of dynamic property acf_validation::$errors is deprecated in /Applications/MAMP/htdocs/MEDIT/wp-content/plugins/advanced-custom-fields/includes/validation.php on line 28
[24-Jun-2024 14:33:00 UTC] PHP Deprecated:  Creation of dynamic property ACF::$validation is deprecated in /Applications/MAMP/htdocs/MEDIT/wp-content/plugins/advanced-custom-fields/includes/validation.php on line 215
[24-Jun-2024 14:33:00 UTC] PHP Deprecated:  Creation of dynamic property acf_form_customizer::$preview_values is deprecated in /Applications/MAMP/htdocs/MEDIT/wp-content/plugins/advanced-custom-fields/includes/forms/form-customizer.php on line 28
[24-Jun-2024 14:33:00 UTC] PHP Deprecated:  Creation of dynamic property acf_form_customizer::$preview_fields is deprecated in /Applications/MAMP/htdocs/MEDIT/wp-content/plugins/advanced-custom-fields/includes/forms/form-customizer.php on line 29
[24-Jun-2024 14:33:00 UTC] PHP Deprecated:  Creation of dynamic property acf_form_customizer::$preview_errors is deprecated in /Applications/MAMP/htdocs/MEDIT/wp-content/plugins/advanced-custom-fields/includes/forms/form-customizer.php on line 30
[24-Jun-2024 14:33:00 UTC] PHP Deprecated:  Creation of dynamic property ACF::$form_front is deprecated in /Applications/MAMP/htdocs/MEDIT/wp-content/plugins/advanced-custom-fields/includes/forms/form-front.php on line 600
[24-Jun-2024 14:33:00 UTC] PHP Deprecated:  Creation of dynamic property acf_form_widget::$preview_values is deprecated in /Applications/MAMP/htdocs/MEDIT/wp-content/plugins/advanced-custom-fields/includes/forms/form-widget.php on line 34
[24-Jun-2024 14:33:00 UTC] PHP Deprecated:  Creation of dynamic property acf_form_widget::$preview_reference is deprecated in /Applications/MAMP/htdocs/MEDIT/wp-content/plugins/advanced-custom-fields/includes/forms/form-widget.php on line 35
[24-Jun-2024 14:33:00 UTC] PHP Deprecated:  Creation of dynamic property acf_form_widget::$preview_errors is deprecated in /Applications/MAMP/htdocs/MEDIT/wp-content/plugins/advanced-custom-fields/includes/forms/form-widget.php on line 36
[24-Jun-2024 14:33:00 UTC] PHP Deprecated:  Using ${var} in strings is deprecated, use {$var} instead in /Applications/MAMP/htdocs/MEDIT/wp-content/plugins/contact-form-7/includes/mail.php on line 221
[24-Jun-2024 14:33:00 UTC] PHP Deprecated:  Using ${expr} (variable variables) in strings is deprecated, use {${expr}} instead in /Applications/MAMP/htdocs/MEDIT/wp-content/plugins/elementor/data/v2/manager.php on line 281
[24-Jun-2024 14:33:00 UTC] PHP Deprecated:  Creation of dynamic property Ocean_Elementor_Widgets::$plugin_url is deprecated in /Applications/MAMP/htdocs/MEDIT/wp-content/plugins/ocean-elementor-widgets/ocean-elementor-widgets.php on line 87
[24-Jun-2024 14:33:00 UTC] PHP Deprecated:  Creation of dynamic property Ocean_Elementor_Widgets::$plugin_path is deprecated in /Applications/MAMP/htdocs/MEDIT/wp-content/plugins/ocean-elementor-widgets/ocean-elementor-widgets.php on line 88
[24-Jun-2024 14:33:00 UTC] PHP Deprecated:  Creation of dynamic property Ocean_Extra::$plugin_url is deprecated in /Applications/MAMP/htdocs/MEDIT/wp-content/plugins/ocean-extra/ocean-extra.php on line 91
[24-Jun-2024 14:33:00 UTC] PHP Deprecated:  Creation of dynamic property Ocean_Extra::$plugin_path is deprecated in /Applications/MAMP/htdocs/MEDIT/wp-content/plugins/ocean-extra/ocean-extra.php on line 92
[24-Jun-2024 14:33:00 UTC] PHP Deprecated:  Creation of dynamic property Ocean_Social_Sharing::$plugin_url is deprecated in /Applications/MAMP/htdocs/MEDIT/wp-content/plugins/ocean-social-sharing/ocean-social-sharing.php on line 95
[24-Jun-2024 14:33:00 UTC] PHP Deprecated:  Creation of dynamic property Ocean_Social_Sharing::$plugin_path is deprecated in /Applications/MAMP/htdocs/MEDIT/wp-content/plugins/ocean-social-sharing/ocean-social-sharing.php on line 96
[24-Jun-2024 14:33:00 UTC] PHP Deprecated:  Using ${var} in strings is deprecated, use {$var} instead in /Applications/MAMP/htdocs/MEDIT/wp-content/plugins/elementor/core/editor/notice-bar.php on line 75
[24-Jun-2024 14:33:00 UTC] PHP Deprecated:  Using ${var} in strings is deprecated, use {$var} instead in /Applications/MAMP/htdocs/MEDIT/wp-content/plugins/elementor/core/editor/notice-bar.php on line 79
[24-Jun-2024 14:33:00 UTC] PHP Deprecated:  Creation of dynamic property acf_field_oembed::$width is deprecated in /Applications/MAMP/htdocs/MEDIT/wp-content/plugins/advanced-custom-fields/includes/fields/class-acf-field-oembed.php on line 31
[24-Jun-2024 14:33:00 UTC] PHP Deprecated:  Creation of dynamic property acf_field_oembed::$height is deprecated in /Applications/MAMP/htdocs/MEDIT/wp-content/plugins/advanced-custom-fields/includes/fields/class-acf-field-oembed.php on line 32
[24-Jun-2024 14:33:00 UTC] PHP Deprecated:  Creation of dynamic property acf_field_google_map::$default_values is deprecated in /Applications/MAMP/htdocs/MEDIT/wp-content/plugins/advanced-custom-fields/includes/fields/class-acf-field-google-map.php on line 33
[24-Jun-2024 14:33:00 UTC] PHP Deprecated:  Creation of dynamic property acf_field__group::$have_rows is deprecated in /Applications/MAMP/htdocs/MEDIT/wp-content/plugins/advanced-custom-fields/includes/fields/class-acf-field-group.php on line 31
